<?xml version="1.0" encoding="utf-8"?><testsuites name="pytest tests"><testsuite name="pytest" errors="0" failures="0" skipped="0" tests="9" time="1.845" timestamp="2026-06-15T15:49:00.518975+00:00" hostname="agent-env-b6124d8f-eb2d-4be7-a2f0-da8175755efc"><testcase classname="backend.tests.test_api.TestHealth" name="test_health" time="0.321" /><testcase classname="backend.tests.test_api.TestHealth" name="test_root" time="0.252" /><testcase classname="backend.tests.test_api.TestContact" name="test_contact_happy_path" time="0.482" /><testcase classname="backend.tests.test_api.TestContact" name="test_contact_missing_required" time="0.035" /><testcase classname="backend.tests.test_api.TestContact" name="test_contact_invalid_email" time="0.035" /><testcase classname="backend.tests.test_api.TestContact" name="test_contact_no_phone_optional" time="0.459" /><testcase classname="backend.tests.test_api.TestNewsletter" name="test_newsletter_happy_path" time="0.042" /><testcase classname="backend.tests.test_api.TestNewsletter" name="test_newsletter_invalid_email" time="0.039" /><testcase classname="backend.tests.test_api.TestNewsletter" name="test_newsletter_missing_email" time="0.038" /></testsuite></testsuites>